{"/Volumes/ExternalSSD/Projects/Vue/vue-a2ui-renderer/renderer/src/composables/A2UIProvider.vue": {"path":"/Volumes/ExternalSSD/Projects/Vue/vue-a2ui-renderer/renderer/src/composables/A2UIProvider.vue","statementMap":{"0":{"start":{"line":7,"column":14},"end":{"line":7,"column":null}},"1":{"start":{"line":15,"column":6},"end":{"line":15,"column":31}},"2":{"start":{"line":17,"column":6},"end":{"line":18,"column":null}},"3":{"start":{"line":18,"column":2},"end":{"line":18,"column":null}},"4":{"start":{"line":21,"column":0},"end":{"line":25,"column":null}},"5":{"start":{"line":22,"column":2},"end":{"line":23,"column":null}},"6":{"start":{"line":23,"column":4},"end":{"line":23,"column":null}},"7":{"start":{"line":27,"column":6},"end":{"line":27,"column":65}},"8":{"start":{"line":27,"column":33},"end":{"line":27,"column":65}},"9":{"start":{"line":28,"column":6},"end":{"line":28,"column":65}},"10":{"start":{"line":29,"column":6},"end":{"line":29,"column":31}},"11":{"start":{"line":31,"column":6},"end":{"line":35,"column":null}},"12":{"start":{"line":32,"column":2},"end":{"line":35,"column":null}},"13":{"start":{"line":34,"column":4},"end":{"line":34,"column":null}},"14":{"start":{"line":35,"column":4},"end":{"line":35,"column":null}},"15":{"start":{"line":39,"column":0},"end":{"line":44,"column":null}},"16":{"start":{"line":40,"column":2},"end":{"line":41,"column":null}},"17":{"start":{"line":41,"column":4},"end":{"line":41,"column":null}},"18":{"start":{"line":43,"column":2},"end":{"line":43,"column":null}},"19":{"start":{"line":46,"column":0},"end":{"line":81,"column":null}},"20":{"start":{"line":48,"column":2},"end":{"line":48,"column":null}},"21":{"start":{"line":50,"column":2},"end":{"line":79,"column":null}},"22":{"start":{"line":51,"column":20},"end":{"line":51,"column":69}},"23":{"start":{"line":52,"column":4},"end":{"line":76,"column":null}},"24":{"start":{"line":53,"column":74},"end":{"line":53,"column":null}},"25":{"start":{"line":55,"column":6},"end":{"line":73,"column":null}},"26":{"start":{"line":57,"column":39},"end":{"line":57,"column":null}},"27":{"start":{"line":58,"column":26},"end":{"line":58,"column":null}},"28":{"start":{"line":60,"column":8},"end":{"line":69,"column":null}},"29":{"start":{"line":71,"column":8},"end":{"line":71,"column":null}},"30":{"start":{"line":73,"column":8},"end":{"line":73,"column":null}},"31":{"start":{"line":76,"column":6},"end":{"line":76,"column":null}},"32":{"start":{"line":79,"column":4},"end":{"line":79,"column":null}},"33":{"start":{"line":84,"column":0},"end":{"line":92,"column":null}},"34":{"start":{"line":85,"column":20},"end":{"line":85,"column":null}},"35":{"start":{"line":86,"column":20},"end":{"line":86,"column":null}},"36":{"start":{"line":88,"column":4},"end":{"line":89,"column":null}},"37":{"start":{"line":89,"column":6},"end":{"line":89,"column":null}},"38":{"start":{"line":97,"column":2},"end":{"line":101,"column":null}},"39":{"start":{"line":99,"column":19},"end":{"line":99,"column":null}}},"fnMap":{"0":{"name":"(anonymous_0)","decl":{"start":{"line":17,"column":6},"end":{"line":17,"column":27}},"loc":{"start":{"line":17,"column":27},"end":{"line":18,"column":null}},"line":17},"1":{"name":"(anonymous_1)","decl":{"start":{"line":21,"column":0},"end":{"line":21,"column":16}},"loc":{"start":{"line":21,"column":16},"end":{"line":25,"column":null}},"line":21},"2":{"name":"(anonymous_2)","decl":{"start":{"line":27,"column":18},"end":{"line":27,"column":33}},"loc":{"start":{"line":27,"column":33},"end":{"line":27,"column":65}},"line":27},"3":{"name":"(anonymous_3)","decl":{"start":{"line":31,"column":6},"end":{"line":31,"column":27}},"loc":{"start":{"line":31,"column":27},"end":{"line":35,"column":null}},"line":31},"4":{"name":"(anonymous_4)","decl":{"start":{"line":39,"column":0},"end":{"line":39,"column":18}},"loc":{"start":{"line":39,"column":18},"end":{"line":44,"column":null}},"line":39},"5":{"name":"(anonymous_5)","decl":{"start":{"line":46,"column":0},"end":{"line":46,"column":18}},"loc":{"start":{"line":46,"column":18},"end":{"line":81,"column":null}},"line":46},"6":{"name":"(anonymous_6)","decl":{"start":{"line":85,"column":6},"end":{"line":85,"column":18}},"loc":{"start":{"line":85,"column":18},"end":{"line":85,"column":null}},"line":85},"7":{"name":"(anonymous_7)","decl":{"start":{"line":86,"column":6},"end":{"line":86,"column":18}},"loc":{"start":{"line":86,"column":18},"end":{"line":86,"column":null}},"line":86},"8":{"name":"(anonymous_8)","decl":{"start":{"line":87,"column":2},"end":{"line":87,"column":13}},"loc":{"start":{"line":87,"column":29},"end":{"line":89,"column":null}},"line":87},"9":{"name":"(anonymous_9)","decl":{"start":{"line":99,"column":19},"end":{"line":99,"column":null}},"loc":{"start":{"line":99,"column":19},"end":{"line":99,"column":null}},"line":99}},"branchMap":{"0":{"loc":{"start":{"line":22,"column":2},"end":{"line":23,"column":null}},"type":"if","locations":[{"start":{"line":22,"column":2},"end":{"line":23,"column":null}},{"start":{},"end":{}}],"line":22},"1":{"loc":{"start":{"line":22,"column":6},"end":{"line":22,"column":81}},"type":"binary-expr","locations":[{"start":{"line":22,"column":6},"end":{"line":22,"column":25}},{"start":{"line":22,"column":25},"end":{"line":22,"column":81}}],"line":22},"2":{"loc":{"start":{"line":32,"column":2},"end":{"line":35,"column":null}},"type":"if","locations":[{"start":{"line":32,"column":2},"end":{"line":35,"column":null}},{"start":{},"end":{}}],"line":32},"3":{"loc":{"start":{"line":32,"column":6},"end":{"line":32,"column":81}},"type":"binary-expr","locations":[{"start":{"line":32,"column":6},"end":{"line":32,"column":31}},{"start":{"line":32,"column":31},"end":{"line":32,"column":81}}],"line":32},"4":{"loc":{"start":{"line":40,"column":2},"end":{"line":41,"column":null}},"type":"if","locations":[{"start":{"line":40,"column":2},"end":{"line":41,"column":null}},{"start":{},"end":{}}],"line":40},"5":{"loc":{"start":{"line":40,"column":6},"end":{"line":40,"column":84}},"type":"binary-expr","locations":[{"start":{"line":40,"column":6},"end":{"line":40,"column":25}},{"start":{"line":40,"column":25},"end":{"line":40,"column":84}}],"line":40},"6":{"loc":{"start":{"line":50,"column":2},"end":{"line":79,"column":null}},"type":"if","locations":[{"start":{"line":50,"column":2},"end":{"line":79,"column":null}},{"start":{"line":78,"column":9},"end":{"line":79,"column":null}}],"line":50},"7":{"loc":{"start":{"line":50,"column":6},"end":{"line":50,"column":48}},"type":"binary-expr","locations":[{"start":{"line":50,"column":6},"end":{"line":50,"column":25}},{"start":{"line":50,"column":25},"end":{"line":50,"column":48}}],"line":50},"8":{"loc":{"start":{"line":52,"column":4},"end":{"line":76,"column":null}},"type":"if","locations":[{"start":{"line":52,"column":4},"end":{"line":76,"column":null}},{"start":{"line":75,"column":11},"end":{"line":76,"column":null}}],"line":52},"9":{"loc":{"start":{"line":52,"column":8},"end":{"line":52,"column":34}},"type":"binary-expr","locations":[{"start":{"line":52,"column":8},"end":{"line":52,"column":19}},{"start":{"line":52,"column":19},"end":{"line":52,"column":34}}],"line":52},"10":{"loc":{"start":{"line":55,"column":6},"end":{"line":73,"column":null}},"type":"if","locations":[{"start":{"line":55,"column":6},"end":{"line":73,"column":null}},{"start":{"line":72,"column":13},"end":{"line":73,"column":null}}],"line":55},"11":{"loc":{"start":{"line":55,"column":10},"end":{"line":55,"column":73}},"type":"binary-expr","locations":[{"start":{"line":55,"column":10},"end":{"line":55,"column":26}},{"start":{"line":55,"column":26},"end":{"line":55,"column":40}},{"start":{"line":55,"column":40},"end":{"line":55,"column":59}},{"start":{"line":55,"column":59},"end":{"line":55,"column":73}}],"line":55},"12":{"loc":{"start":{"line":64,"column":16},"end":{"line":64,"column":61}},"type":"cond-expr","locations":[{"start":{"line":64,"column":31},"end":{"line":64,"column":56}},{"start":{"line":64,"column":59},"end":{"line":64,"column":61}}],"line":64},"13":{"loc":{"start":{"line":65,"column":16},"end":{"line":65,"column":55}},"type":"cond-expr","locations":[{"start":{"line":65,"column":29},"end":{"line":65,"column":50}},{"start":{"line":65,"column":53},"end":{"line":65,"column":55}}],"line":65},"14":{"loc":{"start":{"line":66,"column":16},"end":{"line":66,"column":70}},"type":"cond-expr","locations":[{"start":{"line":66,"column":34},"end":{"line":66,"column":65}},{"start":{"line":66,"column":68},"end":{"line":66,"column":70}}],"line":66},"15":{"loc":{"start":{"line":67,"column":16},"end":{"line":67,"column":null}},"type":"cond-expr","locations":[{"start":{"line":67,"column":31},"end":{"line":67,"column":56}},{"start":{"line":67,"column":59},"end":{"line":67,"column":null}}],"line":67},"16":{"loc":{"start":{"line":88,"column":4},"end":{"line":89,"column":null}},"type":"if","locations":[{"start":{"line":88,"column":4},"end":{"line":89,"column":null}},{"start":{},"end":{}}],"line":88},"17":{"loc":{"start":{"line":98,"column":28},"end":{"line":101,"column":null}},"type":"cond-expr","locations":[{"start":{"line":98,"column":28},"end":{"line":101,"column":24}},{"start":{"line":101,"column":4},"end":{"line":101,"column":null}}],"line":98}},"s":{"0":4,"1":4,"2":4,"3":0,"4":4,"5":4,"6":4,"7":4,"8":2,"9":4,"10":4,"11":4,"12":3,"13":1,"14":1,"15":4,"16":1,"17":1,"18":1,"19":4,"20":4,"21":4,"22":4,"23":4,"24":3,"25":3,"26":2,"27":2,"28":2,"29":2,"30":1,"31":1,"32":0,"33":4,"34":1,"35":0,"36":0,"37":0,"38":4,"39":2},"f":{"0":0,"1":4,"2":2,"3":3,"4":1,"5":4,"6":1,"7":0,"8":0,"9":2},"b":{"0":[4,0],"1":[4,4],"2":[1,2],"3":[3,1],"4":[1,0],"5":[1,1],"6":[4,0],"7":[4,4],"8":[3,1],"9":[4,4],"10":[2,1],"11":[3,1,1,1],"12":[2,0],"13":[1,1],"14":[1,1],"15":[1,1],"16":[0,0],"17":[2,2]},"meta":{"lastBranch":18,"lastFunction":10,"lastStatement":40,"seen":{"s:7:14:7:Infinity":0,"s:15:6:15:31":1,"s:17:6:18:Infinity":2,"f:17:6:17:27":0,"s:18:2:18:Infinity":3,"s:21:0:25:Infinity":4,"f:21:0:21:16":1,"b:22:2:23:Infinity:undefined:undefined:undefined:undefined":0,"s:22:2:23:Infinity":5,"b:22:6:22:25:22:25:22:81":1,"s:23:4:23:Infinity":6,"s:27:6:27:65":7,"f:27:18:27:33":2,"s:27:33:27:65":8,"s:28:6:28:65":9,"s:29:6:29:31":10,"s:31:6:35:Infinity":11,"f:31:6:31:27":3,"b:32:2:35:Infinity:undefined:undefined:undefined:undefined":2,"s:32:2:35:Infinity":12,"b:32:6:32:31:32:31:32:81":3,"s:34:4:34:Infinity":13,"s:35:4:35:Infinity":14,"s:39:0:44:Infinity":15,"f:39:0:39:18":4,"b:40:2:41:Infinity:undefined:undefined:undefined:undefined":4,"s:40:2:41:Infinity":16,"b:40:6:40:25:40:25:40:84":5,"s:41:4:41:Infinity":17,"s:43:2:43:Infinity":18,"s:46:0:81:Infinity":19,"f:46:0:46:18":5,"s:48:2:48:Infinity":20,"b:50:2:79:Infinity:78:9:79:Infinity":6,"s:50:2:79:Infinity":21,"b:50:6:50:25:50:25:50:48":7,"s:51:20:51:69":22,"b:52:4:76:Infinity:75:11:76:Infinity":8,"s:52:4:76:Infinity":23,"b:52:8:52:19:52:19:52:34":9,"s:53:74:53:Infinity":24,"b:55:6:73:Infinity:72:13:73:Infinity":10,"s:55:6:73:Infinity":25,"b:55:10:55:26:55:26:55:40:55:40:55:59:55:59:55:73":11,"s:57:39:57:Infinity":26,"s:58:26:58:Infinity":27,"s:60:8:69:Infinity":28,"b:64:31:64:56:64:59:64:61":12,"b:65:29:65:50:65:53:65:55":13,"b:66:34:66:65:66:68:66:70":14,"b:67:31:67:56:67:59:67:Infinity":15,"s:71:8:71:Infinity":29,"s:73:8:73:Infinity":30,"s:76:6:76:Infinity":31,"s:79:4:79:Infinity":32,"s:84:0:92:Infinity":33,"f:85:6:85:18":6,"s:85:20:85:Infinity":34,"f:86:6:86:18":7,"s:86:20:86:Infinity":35,"f:87:2:87:13":8,"b:88:4:89:Infinity:undefined:undefined:undefined:undefined":16,"s:88:4:89:Infinity":36,"s:89:6:89:Infinity":37,"s:97:2:101:Infinity":38,"b:98:28:101:24:101:4:101:Infinity":17,"f:99:19:99:Infinity":9,"s:99:19:99:Infinity":39}}}
,"/Volumes/ExternalSSD/Projects/Vue/vue-a2ui-renderer/renderer/src/composables/useA2UI.ts": {"path":"/Volumes/ExternalSSD/Projects/Vue/vue-a2ui-renderer/renderer/src/composables/useA2UI.ts","statementMap":{"0":{"start":{"line":11,"column":59},"end":{"line":11,"column":85}},"1":{"start":{"line":14,"column":8},"end":{"line":14,"column":42}},"2":{"start":{"line":16,"column":2},"end":{"line":17,"column":null}},"3":{"start":{"line":17,"column":4},"end":{"line":17,"column":null}},"4":{"start":{"line":20,"column":18},"end":{"line":20,"column":73}},"5":{"start":{"line":21,"column":20},"end":{"line":21,"column":null}},"6":{"start":{"line":23,"column":8},"end":{"line":26,"column":null}},"7":{"start":{"line":24,"column":4},"end":{"line":24,"column":null}},"8":{"start":{"line":24,"column":20},"end":{"line":24,"column":null}},"9":{"start":{"line":25,"column":4},"end":{"line":25,"column":null}},"10":{"start":{"line":28,"column":8},"end":{"line":30,"column":null}},"11":{"start":{"line":29,"column":4},"end":{"line":29,"column":null}},"12":{"start":{"line":29,"column":50},"end":{"line":29,"column":null}},"13":{"start":{"line":30,"column":4},"end":{"line":30,"column":null}},"14":{"start":{"line":33,"column":8},"end":{"line":54,"column":null}},"15":{"start":{"line":34,"column":4},"end":{"line":39,"column":null}},"16":{"start":{"line":35,"column":6},"end":{"line":39,"column":null}},"17":{"start":{"line":36,"column":8},"end":{"line":36,"column":null}},"18":{"start":{"line":36,"column":39},"end":{"line":36,"column":null}},"19":{"start":{"line":37,"column":8},"end":{"line":37,"column":null}},"20":{"start":{"line":37,"column":60},"end":{"line":37,"column":null}},"21":{"start":{"line":38,"column":8},"end":{"line":38,"column":null}},"22":{"start":{"line":42,"column":4},"end":{"line":50,"column":null}},"23":{"start":{"line":43,"column":28},"end":{"line":43,"column":69}},"24":{"start":{"line":44,"column":6},"end":{"line":50,"column":null}},"25":{"start":{"line":45,"column":8},"end":{"line":50,"column":null}},"26":{"start":{"line":46,"column":10},"end":{"line":49,"column":null}},"27":{"start":{"line":54,"column":4},"end":{"line":54,"column":null}},"28":{"start":{"line":57,"column":8},"end":{"line":61,"column":null}},"29":{"start":{"line":58,"column":4},"end":{"line":61,"column":null}},"30":{"start":{"line":64,"column":8},"end":{"line":66,"column":null}},"31":{"start":{"line":65,"column":4},"end":{"line":66,"column":null}},"32":{"start":{"line":66,"column":6},"end":{"line":66,"column":null}},"33":{"start":{"line":70,"column":2},"end":{"line":78,"column":null}}},"fnMap":{"0":{"name":"useA2UI","decl":{"start":{"line":13,"column":16},"end":{"line":13,"column":26}},"loc":{"start":{"line":13,"column":26},"end":{"line":78,"column":null}},"line":13},"1":{"name":"(anonymous_1)","decl":{"start":{"line":23,"column":22},"end":{"line":23,"column":37}},"loc":{"start":{"line":23,"column":37},"end":{"line":26,"column":null}},"line":23},"2":{"name":"(anonymous_2)","decl":{"start":{"line":28,"column":8},"end":{"line":28,"column":24}},"loc":{"start":{"line":28,"column":38},"end":{"line":30,"column":null}},"line":28},"3":{"name":"(anonymous_3)","decl":{"start":{"line":33,"column":8},"end":{"line":33,"column":34}},"loc":{"start":{"line":33,"column":56},"end":{"line":54,"column":null}},"line":33},"4":{"name":"(anonymous_4)","decl":{"start":{"line":35,"column":26},"end":{"line":35,"column":30}},"loc":{"start":{"line":35,"column":39},"end":{"line":39,"column":null}},"line":35},"5":{"name":"(anonymous_5)","decl":{"start":{"line":45,"column":29},"end":{"line":45,"column":34}},"loc":{"start":{"line":45,"column":47},"end":{"line":50,"column":null}},"line":45},"6":{"name":"(anonymous_6)","decl":{"start":{"line":57,"column":8},"end":{"line":57,"column":22}},"loc":{"start":{"line":57,"column":60},"end":{"line":61,"column":null}},"line":57},"7":{"name":"(anonymous_7)","decl":{"start":{"line":64,"column":8},"end":{"line":64,"column":19}},"loc":{"start":{"line":64,"column":48},"end":{"line":66,"column":null}},"line":64}},"branchMap":{"0":{"loc":{"start":{"line":16,"column":2},"end":{"line":17,"column":null}},"type":"if","locations":[{"start":{"line":16,"column":2},"end":{"line":17,"column":null}},{"start":{},"end":{}}],"line":16},"1":{"loc":{"start":{"line":24,"column":4},"end":{"line":24,"column":null}},"type":"if","locations":[{"start":{"line":24,"column":4},"end":{"line":24,"column":null}},{"start":{},"end":{}}],"line":24},"2":{"loc":{"start":{"line":25,"column":38},"end":{"line":25,"column":69}},"type":"binary-expr","locations":[{"start":{"line":25,"column":38},"end":{"line":25,"column":65}},{"start":{"line":25,"column":65},"end":{"line":25,"column":69}}],"line":25},"3":{"loc":{"start":{"line":29,"column":4},"end":{"line":29,"column":null}},"type":"if","locations":[{"start":{"line":29,"column":4},"end":{"line":29,"column":null}},{"start":{},"end":{}}],"line":29},"4":{"loc":{"start":{"line":29,"column":8},"end":{"line":29,"column":50}},"type":"binary-expr","locations":[{"start":{"line":29,"column":8},"end":{"line":29,"column":30}},{"start":{"line":29,"column":30},"end":{"line":29,"column":50}}],"line":29},"5":{"loc":{"start":{"line":34,"column":4},"end":{"line":39,"column":null}},"type":"if","locations":[{"start":{"line":34,"column":4},"end":{"line":39,"column":null}},{"start":{},"end":{}}],"line":34},"6":{"loc":{"start":{"line":36,"column":8},"end":{"line":36,"column":null}},"type":"if","locations":[{"start":{"line":36,"column":8},"end":{"line":36,"column":null}},{"start":{},"end":{}}],"line":36},"7":{"loc":{"start":{"line":37,"column":8},"end":{"line":37,"column":null}},"type":"if","locations":[{"start":{"line":37,"column":8},"end":{"line":37,"column":null}},{"start":{},"end":{}}],"line":37},"8":{"loc":{"start":{"line":37,"column":12},"end":{"line":37,"column":60}},"type":"binary-expr","locations":[{"start":{"line":37,"column":12},"end":{"line":37,"column":21}},{"start":{"line":37,"column":21},"end":{"line":37,"column":50}},{"start":{"line":37,"column":50},"end":{"line":37,"column":60}}],"line":37},"9":{"loc":{"start":{"line":42,"column":4},"end":{"line":50,"column":null}},"type":"if","locations":[{"start":{"line":42,"column":4},"end":{"line":50,"column":null}},{"start":{},"end":{}}],"line":42},"10":{"loc":{"start":{"line":42,"column":8},"end":{"line":42,"column":107}},"type":"binary-expr","locations":[{"start":{"line":42,"column":8},"end":{"line":42,"column":24}},{"start":{"line":42,"column":24},"end":{"line":42,"column":60}},{"start":{"line":42,"column":60},"end":{"line":42,"column":81}},{"start":{"line":42,"column":81},"end":{"line":42,"column":107}}],"line":42},"11":{"loc":{"start":{"line":44,"column":6},"end":{"line":50,"column":null}},"type":"if","locations":[{"start":{"line":44,"column":6},"end":{"line":50,"column":null}},{"start":{},"end":{}}],"line":44},"12":{"loc":{"start":{"line":65,"column":4},"end":{"line":66,"column":null}},"type":"if","locations":[{"start":{"line":65,"column":4},"end":{"line":66,"column":null}},{"start":{},"end":{}}],"line":65}},"s":{"0":1,"1":0,"2":0,"3":0,"4":0,"5":0,"6":0,"7":0,"8":0,"9":0,"10":0,"11":0,"12":0,"13":0,"14":0,"15":0,"16":0,"17":0,"18":0,"19":0,"20":0,"21":0,"22":0,"23":0,"24":0,"25":0,"26":0,"27":0,"28":0,"29":0,"30":0,"31":0,"32":0,"33":0},"f":{"0":0,"1":0,"2":0,"3":0,"4":0,"5":0,"6":0,"7":0},"b":{"0":[0,0],"1":[0,0],"2":[0,0],"3":[0,0],"4":[0,0],"5":[0,0],"6":[0,0],"7":[0,0],"8":[0,0,0],"9":[0,0],"10":[0,0,0,0],"11":[0,0],"12":[0,0]},"meta":{"lastBranch":13,"lastFunction":8,"lastStatement":34,"seen":{"s:11:59:11:85":0,"f:13:16:13:26":0,"s:14:8:14:42":1,"b:16:2:17:Infinity:undefined:undefined:undefined:undefined":0,"s:16:2:17:Infinity":2,"s:17:4:17:Infinity":3,"s:20:18:20:73":4,"s:21:20:21:Infinity":5,"s:23:8:26:Infinity":6,"f:23:22:23:37":1,"b:24:4:24:Infinity:undefined:undefined:undefined:undefined":1,"s:24:4:24:Infinity":7,"s:24:20:24:Infinity":8,"s:25:4:25:Infinity":9,"b:25:38:25:65:25:65:25:69":2,"s:28:8:30:Infinity":10,"f:28:8:28:24":2,"b:29:4:29:Infinity:undefined:undefined:undefined:undefined":3,"s:29:4:29:Infinity":11,"b:29:8:29:30:29:30:29:50":4,"s:29:50:29:Infinity":12,"s:30:4:30:Infinity":13,"s:33:8:54:Infinity":14,"f:33:8:33:34":3,"b:34:4:39:Infinity:undefined:undefined:undefined:undefined":5,"s:34:4:39:Infinity":15,"s:35:6:39:Infinity":16,"f:35:26:35:30":4,"b:36:8:36:Infinity:undefined:undefined:undefined:undefined":6,"s:36:8:36:Infinity":17,"s:36:39:36:Infinity":18,"b:37:8:37:Infinity:undefined:undefined:undefined:undefined":7,"s:37:8:37:Infinity":19,"b:37:12:37:21:37:21:37:50:37:50:37:60":8,"s:37:60:37:Infinity":20,"s:38:8:38:Infinity":21,"b:42:4:50:Infinity:undefined:undefined:undefined:undefined":9,"s:42:4:50:Infinity":22,"b:42:8:42:24:42:24:42:60:42:60:42:81:42:81:42:107":10,"s:43:28:43:69":23,"b:44:6:50:Infinity:undefined:undefined:undefined:undefined":11,"s:44:6:50:Infinity":24,"s:45:8:50:Infinity":25,"f:45:29:45:34":5,"s:46:10:49:Infinity":26,"s:54:4:54:Infinity":27,"s:57:8:61:Infinity":28,"f:57:8:57:22":6,"s:58:4:61:Infinity":29,"s:64:8:66:Infinity":30,"f:64:8:64:19":7,"b:65:4:66:Infinity:undefined:undefined:undefined:undefined":12,"s:65:4:66:Infinity":31,"s:66:6:66:Infinity":32,"s:70:2:78:Infinity":33}}}
}
